<?xml version="1.0" encoding="UTF-8"?>
<!-- Generated by org.testng.reporters.JUnitReportReporter -->
<testsuite hostname="ramkrishnas-mbp.lan" failures="0" tests="1" name="com.salesforce.automation.SalesforceLogin" time="8.179" errors="0" timestamp="2024-02-18T14:40:31 CST" skipped="0">
  <testcase classname="com.salesforce.automation.SalesforceLogin" name="errorMessageLoginTC1" time="8.179"/>
  <system-out/>
</testsuite> <!-- com.salesforce.automation.SalesforceLogin -->
